<?xml version="1.0" encoding="UTF-8"?>
<!-- Generated by org.testng.reporters.JUnitReportReporter -->
<testsuite skipped="0" hostname="DESKTOP-R4N1TST" name="Testing.Test1" tests="3" failures="0" timestamp="19 Nov 2021 10:52:23 GMT" time="0.031" errors="0">
  <testcase name="c" time="0.000" classname="Testing.Test1"/>
  <testcase name="a" time="0.031" classname="Testing.Test1"/>
  <testcase name="t" time="0.000" classname="Testing.Test1"/>
</testsuite> <!-- Testing.Test1 -->
