<?xml version="1.0" encoding="UTF-8"?>
<!-- Generated by org.testng.reporters.JUnitReportReporter -->
<testsuite skipped="0" hostname="DESKTOP-R4N1TST" name="org.tneb.properties.Readproperties" tests="1" failures="0" timestamp="19 Nov 2021 15:41:06 GMT" time="0.031" errors="0">
  <testcase name="readingproperties" time="0.031" classname="org.tneb.properties.Readproperties"/>
</testsuite> <!-- org.tneb.properties.Readproperties -->
