<?xml version="1.0" encoding="UTF-8"?>
<!-- Generated by org.testng.reporters.JUnitReportReporter -->
<testsuite skipped="0" hostname="DESKTOP-R4N1TST" name="in.irctc.test.logintest" tests="1" failures="0" timestamp="30 Nov 2021 11:04:00 GMT" time="17.255" errors="0">
  <testcase name="login" time="17.255" classname="in.irctc.test.logintest"/>
</testsuite> <!-- in.irctc.test.logintest -->
