<?xml version="1.0" encoding="UTF-8"?>
<!-- Generated by org.testng.reporters.JUnitReportReporter -->
<testsuite skipped="0" hostname="DESKTOP-R4N1TST" name="in.irctc.test.irctcbase" tests="2" failures="0" timestamp="22 Nov 2021 16:30:29 GMT" time="74.749" errors="0">
  <testcase name="base" time="64.929" classname="in.irctc.test.irctcbase"/>
  <testcase name="base" time="9.820" classname="in.irctc.test.irctcbase"/>
</testsuite> <!-- in.irctc.test.irctcbase -->
