<?xml version="1.0" encoding="UTF-8"?>
<!-- Generated by org.testng.reporters.JUnitReportReporter -->
<testsuite skipped="0" hostname="DESKTOP-R4N1TST" name="in.irctc.test.Readproperties" tests="1" failures="0" timestamp="19 Nov 2021 15:04:12 GMT" time="0.014" errors="0">
  <testcase name="readingproperties" time="0.014" classname="in.irctc.test.Readproperties"/>
</testsuite> <!-- in.irctc.test.Readproperties -->
